\BOOKMARK [1][-]{section.1}{Raw Data Processing}{}% 1
\BOOKMARK [2][-]{subsection.1.1}{Setting Processing and Saving Defaults}{section.1}% 2
\BOOKMARK [2][-]{subsection.1.2}{File Convention}{section.1}% 3
\BOOKMARK [3][-]{subsubsection.1.2.1}{File Format}{subsection.1.2}% 4
\BOOKMARK [3][-]{subsubsection.1.2.2}{File Saving Order}{subsection.1.2}% 5
\BOOKMARK [3][-]{subsubsection.1.2.3}{File Variable Identifiers}{subsection.1.2}% 6
\BOOKMARK [2][-]{subsection.1.3}{Saving Procedure}{section.1}% 7
\BOOKMARK [1][-]{section.2}{General Function Form}{}% 8
\BOOKMARK [2][-]{subsection.2.1}{Varnames.csv and How to Set Variable Name Conventions}{section.2}% 9
\BOOKMARK [2][-]{subsection.2.2}{Common Function Flags and Input Conventions}{section.2}% 10
\BOOKMARK [1][-]{section.3}{Calculating Variability}{}% 11
\BOOKMARK [2][-]{subsection.3.1}{Calculating Frequency Contributions to Variability}{section.3}% 12
\BOOKMARK [2][-]{subsection.3.2}{Calculating Seasonal Variability}{section.3}% 13
\BOOKMARK [2][-]{subsection.3.3}{Calculating Variability Ratios}{section.3}% 14
\BOOKMARK [2][-]{subsection.3.4}{Calculating Confidence Intervals on Variability Changes}{section.3}% 15
\BOOKMARK [1][-]{section.4}{Mapping Results}{}% 16
\BOOKMARK [2][-]{subsection.4.1}{Mapping ratios of variability changes}{section.4}% 17
\BOOKMARK [2][-]{subsection.4.2}{Mapping some summary statistics}{section.4}% 18
\BOOKMARK [1][-]{section.5}{Graphing Results}{}% 19
\BOOKMARK [2][-]{subsection.5.1}{Subsetting data by region, value, etc.}{section.5}% 20
\BOOKMARK [3][-]{subsubsection.5.1.1}{Clipping data by region}{subsection.5.1}% 21
\BOOKMARK [3][-]{subsubsection.5.1.2}{Clipping data by latitude band}{subsection.5.1}% 22
\BOOKMARK [3][-]{subsubsection.5.1.3}{Clipping variability data by significance}{subsection.5.1}% 23
\BOOKMARK [1][-]{section.6}{Auxiliary Functions}{}% 24
\BOOKMARK [2][-]{subsection.6.1}{Loading calculated data}{section.6}% 25
\BOOKMARK [3][-]{subsubsection.6.1.1}{Loading data from \137sqrtPower.mat files}{subsection.6.1}% 26
\BOOKMARK [3][-]{subsubsection.6.1.2}{Loading data from \137LocalMeans.mat files}{subsection.6.1}% 27
\BOOKMARK [2][-]{subsection.6.2}{Getting subsets of arrays}{section.6}% 28
\BOOKMARK [2][-]{subsection.6.3}{Getting a human-readable location description}{section.6}% 29
\BOOKMARK [1][-]{section.7}{Third Party/Community Functions}{}% 30
\BOOKMARK [1][-]{section.8}{Typical Code Run}{}% 31
\BOOKMARK [1][-]{appendix.A}{Mathematical background and derivations}{}% 32
\BOOKMARK [2][-]{subsection.A.1}{Detrending and Deseasonalization}{appendix.A}% 33
\BOOKMARK [3][-]{subsubsection.A.1.1}{Daily Data}{subsection.A.1}% 34
\BOOKMARK [3][-]{subsubsection.A.1.2}{Monthly Data}{subsection.A.1}% 35
\BOOKMARK [2][-]{subsection.A.2}{Spectral Analysis}{appendix.A}% 36
\BOOKMARK [2][-]{subsection.A.3}{Bootstrap Procedure}{appendix.A}% 37
\BOOKMARK [1][-]{appendix.B}{A Few Frequently Used Terms}{}% 38
